{"/Users/ianmcateer/Desktop/gyg-demo/GYG-MERN-PROJECT-CLIENT/src/App.js": {"path":"/Users/ianmcateer/Desktop/gyg-demo/GYG-MERN-PROJECT-CLIENT/src/App.js","statementMap":{"0":{"start":{"line":9,"column":4},"end":{"line":19,"column":6}}},"fnMap":{"0":{"name":"(anonymous_0)","decl":{"start":{"line":8,"column":2},"end":{"line":8,"column":3}},"loc":{"start":{"line":8,"column":11},"end":{"line":20,"column":3}},"line":8}},"branchMap":{},"s":{"0":1},"f":{"0":1},"b":{},"_coverageSchema":"332fd63041d2c1bcb487cc26dd0d5f7d97098a6c","hash":"e26e577fc3082712bdf9ac055652cb936165f89f"}
,"/Users/ianmcateer/Desktop/gyg-demo/GYG-MERN-PROJECT-CLIENT/src/index.js": {"path":"/Users/ianmcateer/Desktop/gyg-demo/GYG-MERN-PROJECT-CLIENT/src/index.js","statementMap":{"0":{"start":{"line":1,"column":32},"end":{"line":1,"column":105}},"1":{"start":{"line":1,"column":119},"end":{"line":1,"column":135}},"2":{"start":{"line":1,"column":150},"end":{"line":1,"column":180}},"3":{"start":{"line":2,"column":16},"end":{"line":2,"column":36}},"4":{"start":{"line":2,"column":54},"end":{"line":2,"column":87}},"5":{"start":{"line":3,"column":17},"end":{"line":3,"column":47}},"6":{"start":{"line":3,"column":66},"end":{"line":3,"column":100}},"7":{"start":{"line":4,"column":0},"end":{"line":4,"column":31}},"8":{"start":{"line":5,"column":13},"end":{"line":5,"column":31}},"9":{"start":{"line":5,"column":46},"end":{"line":5,"column":76}},"10":{"start":{"line":5,"column":115},"end":{"line":5,"column":169}},"11":{"start":{"line":8,"column":15},"end":{"line":8,"column":207}},"12":{"start":{"line":8,"column":21},"end":{"line":8,"column":207}},"13":{"start":{"line":11,"column":0},"end":{"line":11,"column":34}},"14":{"start":{"line":12,"column":0},"end":{"line":12,"column":9}}},"fnMap":{"0":{"name":"_interopRequireDefault","decl":{"start":{"line":5,"column":86},"end":{"line":5,"column":108}},"loc":{"start":{"line":5,"column":114},"end":{"line":5,"column":170}},"line":5},"1":{"name":"(anonymous_1)","decl":{"start":{"line":8,"column":15},"end":{"line":8,"column":16}},"loc":{"start":{"line":8,"column":21},"end":{"line":8,"column":207}},"line":8}},"branchMap":{"0":{"loc":{"start":{"line":5,"column":122},"end":{"line":5,"column":168}},"type":"cond-expr","locations":[{"start":{"line":5,"column":146},"end":{"line":5,"column":149}},{"start":{"line":5,"column":152},"end":{"line":5,"column":168}}],"line":5},"1":{"loc":{"start":{"line":5,"column":122},"end":{"line":5,"column":143}},"type":"binary-expr","locations":[{"start":{"line":5,"column":122},"end":{"line":5,"column":125}},{"start":{"line":5,"column":129},"end":{"line":5,"column":143}}],"line":5}},"s":{"0":0,"1":0,"2":0,"3":0,"4":0,"5":0,"6":0,"7":0,"8":0,"9":0,"10":0,"11":0,"12":0,"13":0,"14":0},"f":{"0":0,"1":0},"b":{"0":[0,0],"1":[0,0]}}
,"/Users/ianmcateer/Desktop/gyg-demo/GYG-MERN-PROJECT-CLIENT/src/localStorage.js": {"path":"/Users/ianmcateer/Desktop/gyg-demo/GYG-MERN-PROJECT-CLIENT/src/localStorage.js","statementMap":{"0":{"start":{"line":3,"column":29},"end":{"line":3,"column":52}},"1":{"start":{"line":4,"column":19},"end":{"line":4,"column":34}},"2":{"start":{"line":5,"column":23},"end":{"line":5,"column":45}},"3":{"start":{"line":6,"column":17},"end":{"line":6,"column":32}}},"fnMap":{"0":{"name":"(anonymous_0)","decl":{"start":{"line":3,"column":12},"end":{"line":3,"column":13}},"loc":{"start":{"line":3,"column":29},"end":{"line":3,"column":52}},"line":3},"1":{"name":"(anonymous_1)","decl":{"start":{"line":4,"column":12},"end":{"line":4,"column":13}},"loc":{"start":{"line":4,"column":19},"end":{"line":4,"column":34}},"line":4},"2":{"name":"(anonymous_2)","decl":{"start":{"line":5,"column":15},"end":{"line":5,"column":16}},"loc":{"start":{"line":5,"column":22},"end":{"line":5,"column":46}},"line":5},"3":{"name":"(anonymous_3)","decl":{"start":{"line":6,"column":10},"end":{"line":6,"column":11}},"loc":{"start":{"line":6,"column":17},"end":{"line":6,"column":32}},"line":6}},"branchMap":{},"s":{"0":0,"1":0,"2":0,"3":0},"f":{"0":0,"1":0,"2":0,"3":0},"b":{},"_coverageSchema":"332fd63041d2c1bcb487cc26dd0d5f7d97098a6c","hash":"cebf8e7dd84206ddccc0e53841cad6766180fcb0"}
,"/Users/ianmcateer/Desktop/gyg-demo/GYG-MERN-PROJECT-CLIENT/src/registerServiceWorker.js": {"path":"/Users/ianmcateer/Desktop/gyg-demo/GYG-MERN-PROJECT-CLIENT/src/registerServiceWorker.js","statementMap":{"0":{"start":{"line":1,"column":13},"end":{"line":1,"column":75}},"1":{"start":{"line":1,"column":75},"end":{"line":21,"column":9}},"2":{"start":{"line":21,"column":9},"end":{"line":111,"column":24}},"3":{"start":{"line":118,"column":20},"end":{"line":120,"column":89}},"4":{"start":{"line":120,"column":111},"end":{"line":128,"column":36}},"5":{"start":{"line":121,"column":22},"end":{"line":121,"column":70}},"6":{"start":{"line":121,"column":71},"end":{"line":124,"column":14}},"7":{"start":{"line":124,"column":6},"end":{"line":124,"column":13}},"8":{"start":{"line":124,"column":14},"end":{"line":128,"column":35}},"9":{"start":{"line":124,"column":67},"end":{"line":124,"column":112}},"10":{"start":{"line":124,"column":113},"end":{"line":128,"column":32}},"11":{"start":{"line":125,"column":8},"end":{"line":125,"column":39}},"12":{"start":{"line":127,"column":8},"end":{"line":127,"column":178}},"13":{"start":{"line":127,"column":50},"end":{"line":127,"column":175}},"14":{"start":{"line":128,"column":8},"end":{"line":128,"column":31}},"15":{"start":{"line":128,"column":70},"end":{"line":135,"column":156}},"16":{"start":{"line":128,"column":132},"end":{"line":135,"column":68}},"17":{"start":{"line":128,"column":193},"end":{"line":128,"column":216}},"18":{"start":{"line":128,"column":217},"end":{"line":135,"column":66}},"19":{"start":{"line":128,"column":257},"end":{"line":135,"column":64}},"20":{"start":{"line":128,"column":302},"end":{"line":135,"column":63}},"21":{"start":{"line":132,"column":12},"end":{"line":132,"column":69}},"22":{"start":{"line":135,"column":12},"end":{"line":135,"column":62}},"23":{"start":{"line":135,"column":87},"end":{"line":135,"column":153}},"24":{"start":{"line":136,"column":2},"end":{"line":139,"column":126}},"25":{"start":{"line":137,"column":4},"end":{"line":139,"column":30}},"26":{"start":{"line":138,"column":6},"end":{"line":138,"column":127}},"27":{"start":{"line":138,"column":58},"end":{"line":138,"column":124}},"28":{"start":{"line":138,"column":96},"end":{"line":138,"column":121}},"29":{"start":{"line":139,"column":6},"end":{"line":139,"column":29}},"30":{"start":{"line":139,"column":46},"end":{"line":139,"column":123}},"31":{"start":{"line":139,"column":150},"end":{"line":139,"column":267}},"32":{"start":{"line":139,"column":185},"end":{"line":139,"column":266}},"33":{"start":{"line":139,"column":237},"end":{"line":139,"column":263}}},"fnMap":{"0":{"name":"register","decl":{"start":{"line":120,"column":99},"end":{"line":120,"column":107}},"loc":{"start":{"line":120,"column":110},"end":{"line":128,"column":37}},"line":120},"1":{"name":"(anonymous_1)","decl":{"start":{"line":124,"column":46},"end":{"line":124,"column":47}},"loc":{"start":{"line":124,"column":52},"end":{"line":128,"column":33}},"line":124},"2":{"name":"(anonymous_2)","decl":{"start":{"line":127,"column":43},"end":{"line":127,"column":44}},"loc":{"start":{"line":127,"column":49},"end":{"line":127,"column":176}},"line":127},"3":{"name":"registerValidSW","decl":{"start":{"line":128,"column":46},"end":{"line":128,"column":61}},"loc":{"start":{"line":128,"column":69},"end":{"line":135,"column":157}},"line":128},"4":{"name":"(anonymous_4)","decl":{"start":{"line":128,"column":115},"end":{"line":128,"column":116}},"loc":{"start":{"line":128,"column":131},"end":{"line":135,"column":69}},"line":128},"5":{"name":"(anonymous_5)","decl":{"start":{"line":128,"column":161},"end":{"line":128,"column":162}},"loc":{"start":{"line":128,"column":167},"end":{"line":135,"column":67}},"line":128},"6":{"name":"(anonymous_6)","decl":{"start":{"line":128,"column":250},"end":{"line":128,"column":251}},"loc":{"start":{"line":128,"column":256},"end":{"line":135,"column":65}},"line":128},"7":{"name":"(anonymous_7)","decl":{"start":{"line":135,"column":77},"end":{"line":135,"column":78}},"loc":{"start":{"line":135,"column":86},"end":{"line":135,"column":154}},"line":135},"8":{"name":"checkValidServiceWorker","decl":{"start":{"line":135,"column":166},"end":{"line":135,"column":189}},"loc":{"start":{"line":135,"column":197},"end":{"line":139,"column":127}},"line":135},"9":{"name":"(anonymous_9)","decl":{"start":{"line":136,"column":20},"end":{"line":136,"column":21}},"loc":{"start":{"line":136,"column":32},"end":{"line":139,"column":31}},"line":136},"10":{"name":"(anonymous_10)","decl":{"start":{"line":138,"column":41},"end":{"line":138,"column":42}},"loc":{"start":{"line":138,"column":57},"end":{"line":138,"column":125}},"line":138},"11":{"name":"(anonymous_11)","decl":{"start":{"line":138,"column":89},"end":{"line":138,"column":90}},"loc":{"start":{"line":138,"column":95},"end":{"line":138,"column":122}},"line":138},"12":{"name":"(anonymous_12)","decl":{"start":{"line":139,"column":39},"end":{"line":139,"column":40}},"loc":{"start":{"line":139,"column":45},"end":{"line":139,"column":124}},"line":139},"13":{"name":"unregister","decl":{"start":{"line":139,"column":136},"end":{"line":139,"column":146}},"loc":{"start":{"line":139,"column":149},"end":{"line":139,"column":268}},"line":139},"14":{"name":"(anonymous_14)","decl":{"start":{"line":139,"column":220},"end":{"line":139,"column":221}},"loc":{"start":{"line":139,"column":236},"end":{"line":139,"column":264}},"line":139}},"branchMap":{"0":{"loc":{"start":{"line":118,"column":28},"end":{"line":120,"column":88}},"type":"binary-expr","locations":[{"start":{"line":118,"column":28},"end":{"line":118,"column":68}},{"start":{"line":119,"column":0},"end":{"line":119,"column":36}},{"start":{"line":120,"column":0},"end":{"line":120,"column":88}}],"line":118},"1":{"loc":{"start":{"line":120,"column":111},"end":{"line":128,"column":36}},"type":"if","locations":[{"start":{"line":120,"column":111},"end":{"line":128,"column":36}},{"start":{"line":120,"column":111},"end":{"line":128,"column":36}}],"line":120},"2":{"loc":{"start":{"line":120,"column":115},"end":{"line":120,"column":184}},"type":"binary-expr","locations":[{"start":{"line":120,"column":115},"end":{"line":120,"column":152}},{"start":{"line":120,"column":156},"end":{"line":120,"column":184}}],"line":120},"3":{"loc":{"start":{"line":121,"column":71},"end":{"line":124,"column":14}},"type":"if","locations":[{"start":{"line":121,"column":71},"end":{"line":124,"column":14}},{"start":{"line":121,"column":71},"end":{"line":124,"column":14}}],"line":121},"4":{"loc":{"start":{"line":124,"column":113},"end":{"line":128,"column":32}},"type":"if","locations":[{"start":{"line":124,"column":113},"end":{"line":128,"column":32}},{"start":{"line":124,"column":113},"end":{"line":128,"column":32}}],"line":124},"5":{"loc":{"start":{"line":128,"column":257},"end":{"line":135,"column":64}},"type":"if","locations":[{"start":{"line":128,"column":257},"end":{"line":135,"column":64}},{"start":{"line":128,"column":257},"end":{"line":135,"column":64}}],"line":128},"6":{"loc":{"start":{"line":128,"column":302},"end":{"line":135,"column":63}},"type":"if","locations":[{"start":{"line":128,"column":302},"end":{"line":135,"column":63}},{"start":{"line":128,"column":302},"end":{"line":135,"column":63}}],"line":128},"7":{"loc":{"start":{"line":137,"column":4},"end":{"line":139,"column":30}},"type":"if","locations":[{"start":{"line":137,"column":4},"end":{"line":139,"column":30}},{"start":{"line":137,"column":4},"end":{"line":139,"column":30}}],"line":137},"8":{"loc":{"start":{"line":137,"column":8},"end":{"line":137,"column":100}},"type":"binary-expr","locations":[{"start":{"line":137,"column":8},"end":{"line":137,"column":31}},{"start":{"line":137,"column":35},"end":{"line":137,"column":100}}],"line":137},"9":{"loc":{"start":{"line":139,"column":150},"end":{"line":139,"column":267}},"type":"if","locations":[{"start":{"line":139,"column":150},"end":{"line":139,"column":267}},{"start":{"line":139,"column":150},"end":{"line":139,"column":267}}],"line":139}},"s":{"0":0,"1":0,"2":0,"3":0,"4":0,"5":0,"6":0,"7":0,"8":0,"9":0,"10":0,"11":0,"12":0,"13":0,"14":0,"15":0,"16":0,"17":0,"18":0,"19":0,"20":0,"21":0,"22":0,"23":0,"24":0,"25":0,"26":0,"27":0,"28":0,"29":0,"30":0,"31":0,"32":0,"33":0},"f":{"0":0,"1":0,"2":0,"3":0,"4":0,"5":0,"6":0,"7":0,"8":0,"9":0,"10":0,"11":0,"12":0,"13":0,"14":0},"b":{"0":[0,0,0],"1":[0,0],"2":[0,0],"3":[0,0],"4":[0,0],"5":[0,0],"6":[0,0],"7":[0,0],"8":[0,0],"9":[0,0]}}
,"/Users/ianmcateer/Desktop/gyg-demo/GYG-MERN-PROJECT-CLIENT/src/store.js": {"path":"/Users/ianmcateer/Desktop/gyg-demo/GYG-MERN-PROJECT-CLIENT/src/store.js","statementMap":{"0":{"start":{"line":3,"column":21},"end":{"line":6,"column":1}},"1":{"start":{"line":12,"column":16},"end":{"line":21,"column":1}},"2":{"start":{"line":14,"column":4},"end":{"line":20,"column":5}},"3":{"start":{"line":16,"column":8},"end":{"line":16,"column":46}},"4":{"start":{"line":18,"column":8},"end":{"line":18,"column":75}},"5":{"start":{"line":19,"column":8},"end":{"line":19,"column":20}}},"fnMap":{"0":{"name":"(anonymous_0)","decl":{"start":{"line":12,"column":16},"end":{"line":12,"column":17}},"loc":{"start":{"line":12,"column":35},"end":{"line":21,"column":1}},"line":12}},"branchMap":{"0":{"loc":{"start":{"line":14,"column":4},"end":{"line":20,"column":5}},"type":"switch","locations":[{"start":{"line":15,"column":8},"end":{"line":16,"column":46}},{"start":{"line":17,"column":4},"end":{"line":19,"column":20}}],"line":14}},"s":{"0":2,"1":2,"2":2,"3":0,"4":2,"5":2},"f":{"0":2},"b":{"0":[0,2]},"_coverageSchema":"332fd63041d2c1bcb487cc26dd0d5f7d97098a6c","hash":"88c9dd1e5106d0529f2ae5af8c98e58845d69128"}
,"/Users/ianmcateer/Desktop/gyg-demo/GYG-MERN-PROJECT-CLIENT/src/api/init.js": {"path":"/Users/ianmcateer/Desktop/gyg-demo/GYG-MERN-PROJECT-CLIENT/src/api/init.js","statementMap":{"0":{"start":{"line":1,"column":13},"end":{"line":1,"column":75}},"1":{"start":{"line":1,"column":88},"end":{"line":1,"column":104}},"2":{"start":{"line":1,"column":119},"end":{"line":1,"column":149}},"3":{"start":{"line":1,"column":188},"end":{"line":1,"column":242}},"4":{"start":{"line":4,"column":12},"end":{"line":6,"column":2}},"5":{"start":{"line":6,"column":3},"end":{"line":9,"column":4}}},"fnMap":{"0":{"name":"_interopRequireDefault","decl":{"start":{"line":1,"column":159},"end":{"line":1,"column":181}},"loc":{"start":{"line":1,"column":187},"end":{"line":1,"column":243}},"line":1}},"branchMap":{"0":{"loc":{"start":{"line":1,"column":195},"end":{"line":1,"column":241}},"type":"cond-expr","locations":[{"start":{"line":1,"column":219},"end":{"line":1,"column":222}},{"start":{"line":1,"column":225},"end":{"line":1,"column":241}}],"line":1},"1":{"loc":{"start":{"line":1,"column":195},"end":{"line":1,"column":216}},"type":"binary-expr","locations":[{"start":{"line":1,"column":195},"end":{"line":1,"column":198}},{"start":{"line":1,"column":202},"end":{"line":1,"column":216}}],"line":1}},"s":{"0":0,"1":0,"2":0,"3":0,"4":0,"5":0},"f":{"0":0},"b":{"0":[0,0],"1":[0,0]}}
,"/Users/ianmcateer/Desktop/gyg-demo/GYG-MERN-PROJECT-CLIENT/src/components/CheckoutPage.js": {"path":"/Users/ianmcateer/Desktop/gyg-demo/GYG-MERN-PROJECT-CLIENT/src/components/CheckoutPage.js","statementMap":{"0":{"start":{"line":5,"column":14},"end":{"line":13,"column":1}},"1":{"start":{"line":15,"column":14},"end":{"line":46,"column":1}},"2":{"start":{"line":48,"column":21},"end":{"line":87,"column":1}},"3":{"start":{"line":49,"column":2},"end":{"line":86,"column":8}},"4":{"start":{"line":71,"column":10},"end":{"line":77,"column":15}}},"fnMap":{"0":{"name":"(anonymous_0)","decl":{"start":{"line":48,"column":21},"end":{"line":48,"column":22}},"loc":{"start":{"line":49,"column":2},"end":{"line":86,"column":8}},"line":49},"1":{"name":"(anonymous_1)","decl":{"start":{"line":70,"column":35},"end":{"line":70,"column":36}},"loc":{"start":{"line":71,"column":10},"end":{"line":77,"column":15}},"line":71}},"branchMap":{},"s":{"0":1,"1":1,"2":1,"3":1,"4":0},"f":{"0":1,"1":0},"b":{},"_coverageSchema":"332fd63041d2c1bcb487cc26dd0d5f7d97098a6c","hash":"7340f07abbb61ccdd874452c38a6e3c30f2c85db"}
,"/Users/ianmcateer/Desktop/gyg-demo/GYG-MERN-PROJECT-CLIENT/src/components/Header.js": {"path":"/Users/ianmcateer/Desktop/gyg-demo/GYG-MERN-PROJECT-CLIENT/src/components/Header.js","statementMap":{"0":{"start":{"line":6,"column":15},"end":{"line":15,"column":1}},"1":{"start":{"line":7,"column":2},"end":{"line":14,"column":11}}},"fnMap":{"0":{"name":"(anonymous_0)","decl":{"start":{"line":6,"column":15},"end":{"line":6,"column":16}},"loc":{"start":{"line":7,"column":2},"end":{"line":14,"column":11}},"line":7}},"branchMap":{"0":{"loc":{"start":{"line":12,"column":80},"end":{"line":12,"column":155}},"type":"binary-expr","locations":[{"start":{"line":12,"column":80},"end":{"line":12,"column":115}},{"start":{"line":12,"column":119},"end":{"line":12,"column":155}}],"line":12}},"s":{"0":1,"1":1},"f":{"0":1},"b":{"0":[1,0]},"_coverageSchema":"332fd63041d2c1bcb487cc26dd0d5f7d97098a6c","hash":"0cd1d94b16fc01f2111c8ddc3da25146b8e36c6f"}
,"/Users/ianmcateer/Desktop/gyg-demo/GYG-MERN-PROJECT-CLIENT/src/components/HomePage.js": {"path":"/Users/ianmcateer/Desktop/gyg-demo/GYG-MERN-PROJECT-CLIENT/src/components/HomePage.js","statementMap":{"0":{"start":{"line":20,"column":17},"end":{"line":27,"column":1}},"1":{"start":{"line":21,"column":2},"end":{"line":26,"column":8}}},"fnMap":{"0":{"name":"(anonymous_0)","decl":{"start":{"line":20,"column":17},"end":{"line":20,"column":18}},"loc":{"start":{"line":21,"column":2},"end":{"line":26,"column":8}},"line":21}},"branchMap":{},"s":{"0":1,"1":1},"f":{"0":1},"b":{},"_coverageSchema":"332fd63041d2c1bcb487cc26dd0d5f7d97098a6c","hash":"a0b428591de6e68e3434d72f77ad4de012495d50"}
,"/Users/ianmcateer/Desktop/gyg-demo/GYG-MERN-PROJECT-CLIENT/src/components/Item.js": {"path":"/Users/ianmcateer/Desktop/gyg-demo/GYG-MERN-PROJECT-CLIENT/src/components/Item.js","statementMap":{"0":{"start":{"line":3,"column":13},"end":{"line":8,"column":1}},"1":{"start":{"line":4,"column":2},"end":{"line":7,"column":8}}},"fnMap":{"0":{"name":"(anonymous_0)","decl":{"start":{"line":3,"column":13},"end":{"line":3,"column":14}},"loc":{"start":{"line":4,"column":2},"end":{"line":7,"column":8}},"line":4}},"branchMap":{},"s":{"0":1,"1":1},"f":{"0":1},"b":{},"_coverageSchema":"332fd63041d2c1bcb487cc26dd0d5f7d97098a6c","hash":"990b701363c45ed6d42d12dde6c93e919293810b"}
,"/Users/ianmcateer/Desktop/gyg-demo/GYG-MERN-PROJECT-CLIENT/src/components/Loading.js": {"path":"/Users/ianmcateer/Desktop/gyg-demo/GYG-MERN-PROJECT-CLIENT/src/components/Loading.js","statementMap":{"0":{"start":{"line":4,"column":16},"end":{"line":9,"column":1}},"1":{"start":{"line":5,"column":4},"end":{"line":8,"column":10}}},"fnMap":{"0":{"name":"(anonymous_0)","decl":{"start":{"line":4,"column":16},"end":{"line":4,"column":17}},"loc":{"start":{"line":5,"column":4},"end":{"line":8,"column":10}},"line":5}},"branchMap":{},"s":{"0":1,"1":1},"f":{"0":1},"b":{},"_coverageSchema":"332fd63041d2c1bcb487cc26dd0d5f7d97098a6c","hash":"cbd13fbab5db568d8f2fe655525fe372d665fbd8"}
,"/Users/ianmcateer/Desktop/gyg-demo/GYG-MERN-PROJECT-CLIENT/src/components/MenuPage.js": {"path":"/Users/ianmcateer/Desktop/gyg-demo/GYG-MERN-PROJECT-CLIENT/src/components/MenuPage.js","statementMap":{"0":{"start":{"line":1,"column":13},"end":{"line":1,"column":75}},"1":{"start":{"line":1,"column":94},"end":{"line":1,"column":181}},"2":{"start":{"line":1,"column":195},"end":{"line":1,"column":211}},"3":{"start":{"line":1,"column":226},"end":{"line":1,"column":256}},"4":{"start":{"line":2,"column":18},"end":{"line":2,"column":40}},"5":{"start":{"line":2,"column":60},"end":{"line":2,"column":95}},"6":{"start":{"line":4,"column":12},"end":{"line":4,"column":29}},"7":{"start":{"line":4,"column":43},"end":{"line":4,"column":72}},"8":{"start":{"line":5,"column":12},"end":{"line":5,"column":34}},"9":{"start":{"line":5,"column":48},"end":{"line":5,"column":77}},"10":{"start":{"line":6,"column":12},"end":{"line":6,"column":35}},"11":{"start":{"line":6,"column":49},"end":{"line":6,"column":78}},"12":{"start":{"line":7,"column":15},"end":{"line":7,"column":35}},"13":{"start":{"line":7,"column":52},"end":{"line":7,"column":84}},"14":{"start":{"line":8,"column":13},"end":{"line":8,"column":32}},"15":{"start":{"line":8,"column":47},"end":{"line":8,"column":77}},"16":{"start":{"line":8,"column":116},"end":{"line":8,"column":170}},"17":{"start":{"line":11,"column":0},"end":{"line":11,"column":44}},"18":{"start":{"line":13,"column":73},"end":{"line":87,"column":13}},"19":{"start":{"line":25,"column":6},"end":{"line":26,"column":29}},"20":{"start":{"line":31,"column":6},"end":{"line":31,"column":26}},"21":{"start":{"line":32,"column":6},"end":{"line":32,"column":57}},"22":{"start":{"line":36,"column":6},"end":{"line":36,"column":42}},"23":{"start":{"line":41,"column":6},"end":{"line":41,"column":52}},"24":{"start":{"line":42,"column":6},"end":{"line":42,"column":29}},"25":{"start":{"line":43,"column":6},"end":{"line":45,"column":78}},"26":{"start":{"line":48,"column":6},"end":{"line":48,"column":57}},"27":{"start":{"line":49,"column":6},"end":{"line":49,"column":52}},"28":{"start":{"line":53,"column":6},"end":{"line":53,"column":43}},"29":{"start":{"line":53,"column":33},"end":{"line":53,"column":43}},"30":{"start":{"line":54,"column":19},"end":{"line":54,"column":54}},"31":{"start":{"line":55,"column":24},"end":{"line":55,"column":67}},"32":{"start":{"line":56,"column":6},"end":{"line":62,"column":8}},"33":{"start":{"line":63,"column":6},"end":{"line":72,"column":159}},"34":{"start":{"line":85,"column":6},"end":{"line":85,"column":39}},"35":{"start":{"line":86,"column":6},"end":{"line":86,"column":40}},"36":{"start":{"line":90,"column":5},"end":{"line":90,"column":159}},"37":{"start":{"line":90,"column":30},"end":{"line":90,"column":158}},"38":{"start":{"line":91,"column":4},"end":{"line":114,"column":32}},"39":{"start":{"line":95,"column":8},"end":{"line":104,"column":101}},"40":{"start":{"line":95,"column":65},"end":{"line":95,"column":88}},"41":{"start":{"line":121,"column":4},"end":{"line":121,"column":22}},"42":{"start":{"line":122,"column":4},"end":{"line":122,"column":37}},"43":{"start":{"line":123,"column":4},"end":{"line":123,"column":34}},"44":{"start":{"line":127,"column":4},"end":{"line":139,"column":5}},"45":{"start":{"line":128,"column":20},"end":{"line":128,"column":57}},"46":{"start":{"line":129,"column":6},"end":{"line":131,"column":26}},"47":{"start":{"line":138,"column":6},"end":{"line":138,"column":33}},"48":{"start":{"line":141,"column":1},"end":{"line":143,"column":9}}},"fnMap":{"0":{"name":"_interopRequireDefault","decl":{"start":{"line":8,"column":87},"end":{"line":8,"column":109}},"loc":{"start":{"line":8,"column":115},"end":{"line":8,"column":171}},"line":8},"1":{"name":"(anonymous_1)","decl":{"start":{"line":13,"column":41},"end":{"line":13,"column":42}},"loc":{"start":{"line":13,"column":62},"end":{"line":87,"column":14}},"line":13},"2":{"name":"(anonymous_2)","decl":{"start":{"line":24,"column":16},"end":{"line":24,"column":17}},"loc":{"start":{"line":24,"column":22},"end":{"line":28,"column":5}},"line":24},"3":{"name":"(anonymous_3)","decl":{"start":{"line":30,"column":22},"end":{"line":30,"column":23}},"loc":{"start":{"line":30,"column":32},"end":{"line":33,"column":5}},"line":30},"4":{"name":"(anonymous_4)","decl":{"start":{"line":35,"column":23},"end":{"line":35,"column":24}},"loc":{"start":{"line":35,"column":29},"end":{"line":37,"column":5}},"line":35},"5":{"name":"(anonymous_5)","decl":{"start":{"line":39,"column":19},"end":{"line":39,"column":20}},"loc":{"start":{"line":39,"column":28},"end":{"line":50,"column":5}},"line":39},"6":{"name":"(anonymous_6)","decl":{"start":{"line":52,"column":18},"end":{"line":52,"column":19}},"loc":{"start":{"line":52,"column":24},"end":{"line":83,"column":5}},"line":52},"7":{"name":"(anonymous_7)","decl":{"start":{"line":84,"column":21},"end":{"line":84,"column":22}},"loc":{"start":{"line":84,"column":29},"end":{"line":87,"column":5}},"line":84},"8":{"name":"(anonymous_8)","decl":{"start":{"line":89,"column":2},"end":{"line":89,"column":3}},"loc":{"start":{"line":89,"column":11},"end":{"line":118,"column":3}},"line":89},"9":{"name":"(anonymous_9)","decl":{"start":{"line":93,"column":29},"end":{"line":93,"column":30}},"loc":{"start":{"line":95,"column":8},"end":{"line":104,"column":101}},"line":95},"10":{"name":"(anonymous_10)","decl":{"start":{"line":95,"column":59},"end":{"line":95,"column":60}},"loc":{"start":{"line":95,"column":65},"end":{"line":95,"column":88}},"line":95},"11":{"name":"(anonymous_11)","decl":{"start":{"line":120,"column":2},"end":{"line":120,"column":3}},"loc":{"start":{"line":120,"column":22},"end":{"line":124,"column":3}},"line":120},"12":{"name":"(anonymous_12)","decl":{"start":{"line":126,"column":2},"end":{"line":126,"column":3}},"loc":{"start":{"line":126,"column":21},"end":{"line":140,"column":3}},"line":126}},"branchMap":{"0":{"loc":{"start":{"line":8,"column":123},"end":{"line":8,"column":169}},"type":"cond-expr","locations":[{"start":{"line":8,"column":147},"end":{"line":8,"column":150}},{"start":{"line":8,"column":153},"end":{"line":8,"column":169}}],"line":8},"1":{"loc":{"start":{"line":8,"column":123},"end":{"line":8,"column":144}},"type":"binary-expr","locations":[{"start":{"line":8,"column":123},"end":{"line":8,"column":126}},{"start":{"line":8,"column":130},"end":{"line":8,"column":144}}],"line":8},"2":{"loc":{"start":{"line":53,"column":6},"end":{"line":53,"column":43}},"type":"if","locations":[{"start":{"line":53,"column":6},"end":{"line":53,"column":43}},{"start":{"line":53,"column":6},"end":{"line":53,"column":43}}],"line":53},"3":{"loc":{"start":{"line":70,"column":12},"end":{"line":70,"column":172}},"type":"binary-expr","locations":[{"start":{"line":70,"column":12},"end":{"line":70,"column":21}},{"start":{"line":70,"column":25},"end":{"line":70,"column":172}}],"line":70},"4":{"loc":{"start":{"line":90,"column":5},"end":{"line":90,"column":159}},"type":"if","locations":[{"start":{"line":90,"column":5},"end":{"line":90,"column":159}},{"start":{"line":90,"column":5},"end":{"line":90,"column":159}}],"line":90}},"s":{"0":0,"1":0,"2":0,"3":0,"4":0,"5":0,"6":0,"7":0,"8":0,"9":0,"10":0,"11":0,"12":0,"13":0,"14":0,"15":0,"16":0,"17":0,"18":0,"19":0,"20":0,"21":0,"22":0,"23":0,"24":0,"25":0,"26":0,"27":0,"28":0,"29":0,"30":0,"31":0,"32":0,"33":0,"34":0,"35":0,"36":0,"37":0,"38":0,"39":0,"40":0,"41":0,"42":0,"43":0,"44":0,"45":0,"46":0,"47":0,"48":0},"f":{"0":0,"1":0,"2":0,"3":0,"4":0,"5":0,"6":0,"7":0,"8":0,"9":0,"10":0,"11":0,"12":0},"b":{"0":[0,0],"1":[0,0],"2":[0,0],"3":[0,0],"4":[0,0]}}
,"/Users/ianmcateer/Desktop/gyg-demo/GYG-MERN-PROJECT-CLIENT/src/components/forms/Heat.js": {"path":"/Users/ianmcateer/Desktop/gyg-demo/GYG-MERN-PROJECT-CLIENT/src/components/forms/Heat.js","statementMap":{"0":{"start":{"line":1,"column":13},"end":{"line":1,"column":75}},"1":{"start":{"line":1,"column":94},"end":{"line":1,"column":183}},"2":{"start":{"line":1,"column":197},"end":{"line":1,"column":213}},"3":{"start":{"line":1,"column":228},"end":{"line":1,"column":258}},"4":{"start":{"line":1,"column":297},"end":{"line":1,"column":351}},"5":{"start":{"line":6,"column":8},"end":{"line":6,"column":21}},"6":{"start":{"line":6,"column":21},"end":{"line":21,"column":10}},"7":{"start":{"line":13,"column":27},"end":{"line":13,"column":39}},"8":{"start":{"line":14,"column":26},"end":{"line":14,"column":84}},"9":{"start":{"line":15,"column":25},"end":{"line":15,"column":36}},"10":{"start":{"line":17,"column":12},"end":{"line":17,"column":45}},"11":{"start":{"line":21,"column":10},"end":{"line":21,"column":39}},"12":{"start":{"line":24,"column":8},"end":{"line":57,"column":118}},"13":{"start":{"line":65,"column":6},"end":{"line":69,"column":5}}},"fnMap":{"0":{"name":"_interopRequireDefault","decl":{"start":{"line":1,"column":268},"end":{"line":1,"column":290}},"loc":{"start":{"line":1,"column":296},"end":{"line":1,"column":352}},"line":1},"1":{"name":"(anonymous_1)","decl":{"start":{"line":5,"column":4},"end":{"line":5,"column":5}},"loc":{"start":{"line":5,"column":23},"end":{"line":21,"column":40}},"line":5},"2":{"name":"(anonymous_2)","decl":{"start":{"line":12,"column":23},"end":{"line":12,"column":24}},"loc":{"start":{"line":12,"column":32},"end":{"line":21,"column":9}},"line":12},"3":{"name":"(anonymous_3)","decl":{"start":{"line":23,"column":4},"end":{"line":23,"column":5}},"loc":{"start":{"line":23,"column":13},"end":{"line":65,"column":5}},"line":23}},"branchMap":{"0":{"loc":{"start":{"line":1,"column":304},"end":{"line":1,"column":350}},"type":"cond-expr","locations":[{"start":{"line":1,"column":328},"end":{"line":1,"column":331}},{"start":{"line":1,"column":334},"end":{"line":1,"column":350}}],"line":1},"1":{"loc":{"start":{"line":1,"column":304},"end":{"line":1,"column":325}},"type":"binary-expr","locations":[{"start":{"line":1,"column":304},"end":{"line":1,"column":307}},{"start":{"line":1,"column":311},"end":{"line":1,"column":325}}],"line":1},"2":{"loc":{"start":{"line":14,"column":26},"end":{"line":14,"column":84}},"type":"cond-expr","locations":[{"start":{"line":14,"column":55},"end":{"line":14,"column":69}},{"start":{"line":14,"column":72},"end":{"line":14,"column":84}}],"line":14}},"s":{"0":0,"1":0,"2":0,"3":0,"4":0,"5":0,"6":0,"7":0,"8":0,"9":0,"10":0,"11":0,"12":0,"13":0},"f":{"0":0,"1":0,"2":0,"3":0},"b":{"0":[0,0],"1":[0,0],"2":[0,0]}}
,"/Users/ianmcateer/Desktop/gyg-demo/GYG-MERN-PROJECT-CLIENT/src/components/forms/TestModifications.js": {"path":"/Users/ianmcateer/Desktop/gyg-demo/GYG-MERN-PROJECT-CLIENT/src/components/forms/TestModifications.js","statementMap":{"0":{"start":{"line":1,"column":13},"end":{"line":1,"column":75}},"1":{"start":{"line":1,"column":94},"end":{"line":1,"column":196}},"2":{"start":{"line":1,"column":210},"end":{"line":1,"column":226}},"3":{"start":{"line":1,"column":241},"end":{"line":1,"column":271}},"4":{"start":{"line":1,"column":310},"end":{"line":1,"column":364}},"5":{"start":{"line":7,"column":8},"end":{"line":7,"column":21}},"6":{"start":{"line":7,"column":21},"end":{"line":24,"column":10}},"7":{"start":{"line":22,"column":12},"end":{"line":22,"column":62}},"8":{"start":{"line":23,"column":12},"end":{"line":23,"column":35}},"9":{"start":{"line":24,"column":10},"end":{"line":34,"column":10}},"10":{"start":{"line":27,"column":27},"end":{"line":27,"column":39}},"11":{"start":{"line":28,"column":26},"end":{"line":28,"column":84}},"12":{"start":{"line":29,"column":25},"end":{"line":29,"column":36}},"13":{"start":{"line":31,"column":12},"end":{"line":32,"column":33}},"14":{"start":{"line":34,"column":10},"end":{"line":36,"column":10}},"15":{"start":{"line":43,"column":14},"end":{"line":102,"column":163}},"16":{"start":{"line":109,"column":6},"end":{"line":112,"column":9}}},"fnMap":{"0":{"name":"_interopRequireDefault","decl":{"start":{"line":1,"column":281},"end":{"line":1,"column":303}},"loc":{"start":{"line":1,"column":309},"end":{"line":1,"column":365}},"line":1},"1":{"name":"(anonymous_1)","decl":{"start":{"line":6,"column":4},"end":{"line":6,"column":5}},"loc":{"start":{"line":6,"column":23},"end":{"line":36,"column":11}},"line":6},"2":{"name":"(anonymous_2)","decl":{"start":{"line":21,"column":23},"end":{"line":21,"column":24}},"loc":{"start":{"line":21,"column":32},"end":{"line":24,"column":9}},"line":21},"3":{"name":"(anonymous_3)","decl":{"start":{"line":26,"column":23},"end":{"line":26,"column":24}},"loc":{"start":{"line":26,"column":32},"end":{"line":34,"column":9}},"line":26},"4":{"name":"(anonymous_4)","decl":{"start":{"line":43,"column":4},"end":{"line":43,"column":5}},"loc":{"start":{"line":43,"column":13},"end":{"line":109,"column":5}},"line":43}},"branchMap":{"0":{"loc":{"start":{"line":1,"column":317},"end":{"line":1,"column":363}},"type":"cond-expr","locations":[{"start":{"line":1,"column":341},"end":{"line":1,"column":344}},{"start":{"line":1,"column":347},"end":{"line":1,"column":363}}],"line":1},"1":{"loc":{"start":{"line":1,"column":317},"end":{"line":1,"column":338}},"type":"binary-expr","locations":[{"start":{"line":1,"column":317},"end":{"line":1,"column":320}},{"start":{"line":1,"column":324},"end":{"line":1,"column":338}}],"line":1},"2":{"loc":{"start":{"line":28,"column":26},"end":{"line":28,"column":84}},"type":"cond-expr","locations":[{"start":{"line":28,"column":55},"end":{"line":28,"column":69}},{"start":{"line":28,"column":72},"end":{"line":28,"column":84}}],"line":28}},"s":{"0":0,"1":0,"2":0,"3":0,"4":0,"5":0,"6":0,"7":0,"8":0,"9":0,"10":0,"11":0,"12":0,"13":0,"14":0,"15":0,"16":0},"f":{"0":0,"1":0,"2":0,"3":0,"4":0},"b":{"0":[0,0],"1":[0,0],"2":[0,0]}}
,"/Users/ianmcateer/Desktop/gyg-demo/GYG-MERN-PROJECT-CLIENT/src/routers/AppRouter.js": {"path":"/Users/ianmcateer/Desktop/gyg-demo/GYG-MERN-PROJECT-CLIENT/src/routers/AppRouter.js","statementMap":{"0":{"start":{"line":1,"column":13},"end":{"line":1,"column":75}},"1":{"start":{"line":1,"column":94},"end":{"line":1,"column":179}},"2":{"start":{"line":1,"column":193},"end":{"line":1,"column":209}},"3":{"start":{"line":1,"column":224},"end":{"line":1,"column":254}},"4":{"start":{"line":2,"column":22},"end":{"line":2,"column":49}},"5":{"start":{"line":3,"column":14},"end":{"line":3,"column":45}},"6":{"start":{"line":3,"column":61},"end":{"line":3,"column":92}},"7":{"start":{"line":4,"column":16},"end":{"line":4,"column":49}},"8":{"start":{"line":4,"column":67},"end":{"line":4,"column":100}},"9":{"start":{"line":5,"column":20},"end":{"line":5,"column":57}},"10":{"start":{"line":5,"column":79},"end":{"line":5,"column":116}},"11":{"start":{"line":6,"column":16},"end":{"line":6,"column":49}},"12":{"start":{"line":6,"column":67},"end":{"line":6,"column":100}},"13":{"start":{"line":7,"column":12},"end":{"line":7,"column":41}},"14":{"start":{"line":7,"column":55},"end":{"line":7,"column":84}},"15":{"start":{"line":7,"column":123},"end":{"line":7,"column":177}},"16":{"start":{"line":10,"column":18},"end":{"line":18,"column":205}},"17":{"start":{"line":11,"column":0},"end":{"line":18,"column":205}},"18":{"start":{"line":18,"column":206},"end":{"line":24,"column":10}}},"fnMap":{"0":{"name":"_interopRequireDefault","decl":{"start":{"line":7,"column":94},"end":{"line":7,"column":116}},"loc":{"start":{"line":7,"column":122},"end":{"line":7,"column":178}},"line":7},"1":{"name":"(anonymous_1)","decl":{"start":{"line":10,"column":18},"end":{"line":10,"column":19}},"loc":{"start":{"line":11,"column":0},"end":{"line":18,"column":205}},"line":11}},"branchMap":{"0":{"loc":{"start":{"line":7,"column":130},"end":{"line":7,"column":176}},"type":"cond-expr","locations":[{"start":{"line":7,"column":154},"end":{"line":7,"column":157}},{"start":{"line":7,"column":160},"end":{"line":7,"column":176}}],"line":7},"1":{"loc":{"start":{"line":7,"column":130},"end":{"line":7,"column":151}},"type":"binary-expr","locations":[{"start":{"line":7,"column":130},"end":{"line":7,"column":133}},{"start":{"line":7,"column":137},"end":{"line":7,"column":151}}],"line":7}},"s":{"0":0,"1":0,"2":0,"3":0,"4":0,"5":0,"6":0,"7":0,"8":0,"9":0,"10":0,"11":0,"12":0,"13":0,"14":0,"15":0,"16":0,"17":0,"18":0},"f":{"0":0,"1":0},"b":{"0":[0,0],"1":[0,0]}}
}
